#
# There is insufficient memory for the Java Runtime Environment to continue.
# Native memory allocation (mmap) failed to map 132120576 bytes for G1 virtual space
# Possible reasons:
#   The system is out of physical RAM or swap space
#   The process is running with CompressedOops enabled, and the Java Heap may be blocking the growth of the native heap
# Possible solutions:
#   Reduce memory load on the system
#   Increase physical memory or swap space
#   Check if swap backing store is full
#   Decrease Java heap size (-Xmx/-Xms)
#   Decrease number of Java threads
#   Decrease Java thread stack sizes (-Xss)
#   Set larger code cache with -XX:ReservedCodeCacheSize=
#   JVM is running with Unscaled Compressed Oops mode in which the Java heap is
#     placed in the first 4GB address space. The Java Heap base address is the
#     maximum limit for the native heap growth. Please use -XX:HeapBaseMinAddress
#     to set the Java Heap base and to place the Java Heap above 4GB virtual address.
# This output file may be truncated or incomplete.
#
#  Out of Memory Error (os_windows.cpp:3600), pid=15156, tid=20968
#
# JRE version:  (21.0.1+12) (build )
# Java VM: Java HotSpot(TM) 64-Bit Server VM (21.0.1+12-LTS-29, mixed mode, sharing, tiered, compressed oops, compressed class ptrs, g1 gc, windows-amd64)
# No core dump will be written. Minidumps are not enabled by default on client versions of Windows
#

---------------  S U M M A R Y ------------

Command Line: -javaagent:C:\Program Files\JetBrains\IntelliJ IDEA Community Edition 2023.3.1\lib\idea_rt.jar=50359:C:\Program Files\JetBrains\IntelliJ IDEA Community Edition 2023.3.1\bin -Dfile.encoding=UTF-8 -Dsun.stdout.encoding=UTF-8 -Dsun.stderr.encoding=UTF-8 MainClass

Host: 11th Gen Intel(R) Core(TM) i3-1115G4 @ 3.00GHz, 4 cores, 7G,  Windows 10 , 64 bit Build 19041 (10.0.19041.3636)
Time: Thu Mar 21 20:39:10 2024 Malay Peninsula Standard Time elapsed time: 0.027793 seconds (0d 0h 0m 0s)

---------------  T H R E A D  ---------------

Current thread (0x000001e6c4bf6ee0):  JavaThread "Unknown thread" [_thread_in_vm, id=20968, stack(0x000000b51a100000,0x000000b51a200000) (1024K)]

Stack: [0x000000b51a100000,0x000000b51a200000]
Native frames: (J=compiled Java code, j=interpreted, Vv=VM code, C=native code)
V  [jvm.dll+0x6c9029]
V  [jvm.dll+0x854b81]
V  [jvm.dll+0x856e5e]
V  [jvm.dll+0x857543]
V  [jvm.dll+0x280c06]
V  [jvm.dll+0x6c5715]
V  [jvm.dll+0x6ba10a]
V  [jvm.dll+0x3557ea]
V  [jvm.dll+0x35d436]
V  [jvm.dll+0x3ae1be]
V  [jvm.dll+0x3ae468]
V  [jvm.dll+0x3291fc]
V  [jvm.dll+0x329d8b]
V  [jvm.dll+0x81d179]
V  [jvm.dll+0x3bb4f1]
V  [jvm.dll+0x805ae8]
V  [jvm.dll+0x44effe]
V  [jvm.dll+0x450901]
C  [jli.dll+0x52a3]
C  [ucrtbase.dll+0x21bb2]
C  [KERNEL32.DLL+0x17344]
C  [ntdll.dll+0x526b1]


---------------  P R O C E S S  ---------------

Threads class SMR info:
_java_thread_list=0x00007ffb68849b88, length=0, elements={
}

Java Threads: ( => current thread )
Total: 0

Other Threads:
  0x000001e6c4c4d450 WorkerThread "GC Thread#0"                     [id=20268, stack(0x000000b51a200000,0x000000b51a300000) (1024K)]
  0x000001e6c4c5df20 ConcurrentGCThread "G1 Main Marker"            [id=16556, stack(0x000000b51a300000,0x000000b51a400000) (1024K)]
  0x000001e6c4c5ea20 WorkerThread "G1 Conc#0"                       [id=8052, stack(0x000000b51a400000,0x000000b51a500000) (1024K)]

[error occurred during error reporting (printing all threads), id 0xc0000005, EXCEPTION_ACCESS_VIOLATION (0xc0000005) at pc=0x00007ffb67fbc2c7]
VM state: not at safepoint (not fully initialized)

VM Mutex/Monitor currently owned by a thread:  ([mutex/lock_event])
[0x00007ffb688ba6f8] Heap_lock - owner thread: 0x000001e6c4bf6ee0

Heap address: 0x0000000083600000, size: 1994 MB, Compressed Oops mode: 32-bit

CDS archive(s) mapped at: [0x0000000000000000-0x0000000000000000-0x0000000000000000), size 0, SharedBaseAddress: 0x0000000800000000, ArchiveRelocationMode: 1.
Narrow klass base: 0x0000000000000000, Narrow klass shift: 0, Narrow klass range: 0x0

GC Precious Log:
 CardTable entry size: 512
 Card Set container configuration: InlinePtr #cards 5 size 8 Array Of Cards #cards 12 size 40 Howl #buckets 4 coarsen threshold 1843 Howl Bitmap #cards 512 size 80 coarsen threshold 460 Card regions per heap region 1 cards per card region 2048

Heap:
 garbage-first heap   total 0K, used 0K [0x0000000083600000, 0x0000000100000000)
  region size 1024K, 0 young (0K), 0 survivors (0K)

[error occurred during error reporting (printing heap information), id 0xc0000005, EXCEPTION_ACCESS_VIOLATION (0xc0000005) at pc=0x00007ffb683a1be9]
GC Heap History (0 events):
No events

Dll operation events (1 events):
Event: 0.018 Loaded shared library C:\Program Files\Java\jdk-21\bin\java.dll

Deoptimization events (0 events):
No events

Classes loaded (0 events):
No events

Classes unloaded (0 events):
No events

Classes redefined (0 events):
No events

Internal exceptions (0 events):
No events

ZGC Phase Switch (0 events):
No events

VM Operations (0 events):
No events

Events (0 events):
No events


Dynamic libraries:
0x00007ff7c1290000 - 0x00007ff7c12a0000 	C:\Program Files\Java\jdk-21\bin\java.exe
0x00007ffbbc950000 - 0x00007ffbbcb48000 	C:\Windows\SYSTEM32\ntdll.dll
0x00007ffbbb1d0000 - 0x00007ffbbb28d000 	C:\Windows\System32\KERNEL32.DLL
0x00007ffbba570000 - 0x00007ffbba866000 	C:\Windows\System32\KERNELBASE.dll
0x00007ffbba3c0000 - 0x00007ffbba4c0000 	C:\Windows\System32\ucrtbase.dll
0x00007ffbb2200000 - 0x00007ffbb2219000 	C:\Program Files\Java\jdk-21\bin\jli.dll
0x00007ffbb21e0000 - 0x00007ffbb21fb000 	C:\Program Files\Java\jdk-21\bin\VCRUNTIME140.dll
0x00007ffbbc640000 - 0x00007ffbbc6f0000 	C:\Windows\System32\ADVAPI32.dll
0x00007ffbbb420000 - 0x00007ffbbb4be000 	C:\Windows\System32\msvcrt.dll
0x00007ffbbc5a0000 - 0x00007ffbbc640000 	C:\Windows\System32\sechost.dll
0x00007ffbbaaf0000 - 0x00007ffbbac15000 	C:\Windows\System32\RPCRT4.dll
0x00007ffbba950000 - 0x00007ffbba977000 	C:\Windows\System32\bcrypt.dll
0x00007ffbbb4c0000 - 0x00007ffbbb65e000 	C:\Windows\System32\USER32.dll
0x00007ffbba000000 - 0x00007ffbba022000 	C:\Windows\System32\win32u.dll
0x00007ffbbb290000 - 0x00007ffbbb2bb000 	C:\Windows\System32\GDI32.dll
0x00007ffba6ad0000 - 0x00007ffba6d6a000 	C:\Windows\WinSxS\amd64_microsoft.windows.common-controls_6595b64144ccf1df_6.0.19041.3636_none_60b6a03d71f818d5\COMCTL32.dll
0x00007ffbba030000 - 0x00007ffbba147000 	C:\Windows\System32\gdi32full.dll
0x00007ffbba320000 - 0x00007ffbba3bd000 	C:\Windows\System32\msvcp_win.dll
0x00007ffbafb80000 - 0x00007ffbafb8a000 	C:\Windows\SYSTEM32\VERSION.dll
0x00007ffbbc820000 - 0x00007ffbbc852000 	C:\Windows\System32\IMM32.DLL
0x00007ffbb4220000 - 0x00007ffbb422c000 	C:\Program Files\Java\jdk-21\bin\vcruntime140_1.dll
0x00007ffb9e2b0000 - 0x00007ffb9e33e000 	C:\Program Files\Java\jdk-21\bin\msvcp140.dll
0x00007ffb67c80000 - 0x00007ffb68995000 	C:\Program Files\Java\jdk-21\bin\server\jvm.dll
0x00007ffbbbf50000 - 0x00007ffbbbfbb000 	C:\Windows\System32\WS2_32.dll
0x00007ffb9f040000 - 0x00007ffb9f067000 	C:\Windows\SYSTEM32\WINMM.dll
0x00007ffbb9550000 - 0x00007ffbb959b000 	C:\Windows\SYSTEM32\POWRPROF.dll
0x00007ffbb9410000 - 0x00007ffbb9422000 	C:\Windows\SYSTEM32\UMPDC.dll
0x00007ffbb8840000 - 0x00007ffbb8852000 	C:\Windows\SYSTEM32\kernel.appcore.dll
0x00007ffbaf030000 - 0x00007ffbaf03a000 	C:\Program Files\Java\jdk-21\bin\jimage.dll
0x00007ffbb7dc0000 - 0x00007ffbb7fa4000 	C:\Windows\SYSTEM32\DBGHELP.DLL
0x00007ffbae840000 - 0x00007ffbae874000 	C:\Windows\SYSTEM32\dbgcore.DLL
0x00007ffbba8c0000 - 0x00007ffbba942000 	C:\Windows\System32\bcryptPrimitives.dll
0x00007ffbad860000 - 0x00007ffbad86f000 	C:\Program Files\Java\jdk-21\bin\instrument.dll
0x00007ffbac700000 - 0x00007ffbac71f000 	C:\Program Files\Java\jdk-21\bin\java.dll

dbghelp: loaded successfully - version: 4.0.5 - missing functions: none
symbol engine: initialized successfully - sym options: 0x614 - pdb path: .;C:\Program Files\Java\jdk-21\bin;C:\Windows\SYSTEM32;C:\Windows\WinSxS\amd64_microsoft.windows.common-controls_6595b64144ccf1df_6.0.19041.3636_none_60b6a03d71f818d5;C:\Program Files\Java\jdk-21\bin\server

VM Arguments:
jvm_args: -javaagent:C:\Program Files\JetBrains\IntelliJ IDEA Community Edition 2023.3.1\lib\idea_rt.jar=50359:C:\Program Files\JetBrains\IntelliJ IDEA Community Edition 2023.3.1\bin -Dfile.encoding=UTF-8 -Dsun.stdout.encoding=UTF-8 -Dsun.stderr.encoding=UTF-8 
java_command: MainClass
java_class_path (initial): C:\Users\acer\IdeaProjects\StudentAttendanceSystem\out\production\StudentAttendanceSystem
Launcher Type: SUN_STANDARD

[Global flags]
     intx CICompilerCount                          = 3                                         {product} {ergonomic}
     uint ConcGCThreads                            = 1                                         {product} {ergonomic}
     uint G1ConcRefinementThreads                  = 4                                         {product} {ergonomic}
   size_t G1HeapRegionSize                         = 1048576                                   {product} {ergonomic}
    uintx GCDrainStackTargetSize                   = 64                                        {product} {ergonomic}
   size_t InitialHeapSize                          = 132120576                                 {product} {ergonomic}
   size_t MarkStackSize                            = 4194304                                   {product} {ergonomic}
   size_t MaxHeapSize                              = 2090860544                                {product} {ergonomic}
   size_t MinHeapDeltaBytes                        = 1048576                                   {product} {ergonomic}
   size_t MinHeapSize                              = 8388608                                   {product} {ergonomic}
    uintx NonNMethodCodeHeapSize                   = 5832780                                {pd product} {ergonomic}
    uintx NonProfiledCodeHeapSize                  = 122912730                              {pd product} {ergonomic}
    uintx ProfiledCodeHeapSize                     = 122912730                              {pd product} {ergonomic}
    uintx ReservedCodeCacheSize                    = 251658240                              {pd product} {ergonomic}
     bool SegmentedCodeCache                       = true                                      {product} {ergonomic}
   size_t SoftMaxHeapSize                          = 2090860544                             {manageable} {ergonomic}
     bool UseCompressedOops                        = true                           {product lp64_product} {ergonomic}
     bool UseG1GC                                  = true                                      {product} {ergonomic}
     bool UseLargePagesIndividualAllocation        = false                                  {pd product} {ergonomic}

Logging:
Log output configuration:
 #0: stdout all=warning uptime,level,tags foldmultilines=false
 #1: stderr all=off uptime,level,tags foldmultilines=false

Environment Variables:
JAVA_HOME=C:\Program Files\Java\jdk-21
PATH=C:\Program Files\Common Files\Oracle\Java\javapath;C:\Program Files (x86)\Common Files\Oracle\Java\javapath;C:\Windows\system32;C:\Windows;C:\Windows\System32\Wbem;C:\Windows\System32\WindowsPowerShell\v1.0\;C:\Windows\System32\OpenSSH\;C:\Program Files (x86)\NVIDIA Corporation\PhysX\Common;C:\Program Files\NVIDIA Corporation\NVIDIA NvDLISR;C:\Program Files\Git\cmd;C:\msys64\mingw64\bin;C:\xampp\php;C:\Program Files\Java\jdk-21\bin;C:\Users\acer\AppData\Local\Programs\Python\Python39\Scripts\;C:\Users\acer\AppData\Local\Programs\Python\Python39\;C:\Users\acer\AppData\Local\Microsoft\WindowsApps;C:\Program Files\JetBrains\PyCharm Community Edition 2021.2.2\bin;;C:\Users\acer\AppData\Local\Programs\Microsoft VS Code\bin;C:\Program Files\Git\bin\;C:\Program Files\Git\cmd\;C:\msys64\mingw64\bin;;C:\Program Files\JetBrains\IntelliJ IDEA Community Edition 2023.3.1\bin;
USERNAME=Bryan's Laptop
OS=Windows_NT
PROCESSOR_IDENTIFIER=Intel64 Family 6 Model 140 Stepping 1, GenuineIntel
TMP=C:\Users\acer\AppData\Local\Temp
TEMP=C:\Users\acer\AppData\Local\Temp




Periodic native trim disabled

---------------  S Y S T E M  ---------------

OS:
 Windows 10 , 64 bit Build 19041 (10.0.19041.3636)
OS uptime: 5 days 20:36 hours

CPU: total 4 (initial active 4) (2 cores per cpu, 2 threads per core) family 6 model 140 stepping 1 microcode 0x8a, cx8, cmov, fxsr, ht, mmx, 3dnowpref, sse, sse2, sse3, ssse3, sse4.1, sse4.2, popcnt, lzcnt, tsc, tscinvbit, avx, avx2, aes, erms, clmul, bmi1, bmi2, adx, avx512f, avx512dq, avx512cd, avx512bw, avx512vl, sha, fma, vzeroupper, avx512_vpopcntdq, avx512_vpclmulqdq, avx512_vaes, avx512_vnni, clflush, clflushopt, clwb, avx512_vbmi2, avx512_vbmi, rdtscp, rdpid, fsrm, gfni, avx512_bitalg, f16c, pku, cet_ibt, cet_ss, avx512_ifma
Processor Information for processor 0
  Max Mhz: 2995, Current Mhz: 2995, Mhz Limit: 2995
Processor Information for processor 1
  Max Mhz: 2995, Current Mhz: 2995, Mhz Limit: 2995
Processor Information for processor 2
  Max Mhz: 2995, Current Mhz: 2995, Mhz Limit: 2995
Processor Information for processor 3
  Max Mhz: 2995, Current Mhz: 898, Mhz Limit: 2995

Memory: 4k page, system-wide physical 7971M (552M free)
TotalPageFile size 17971M (AvailPageFile size 62M)
current process WorkingSet (physical memory assigned to process): 10M, peak: 10M
current process commit charge ("private bytes"): 51M, peak: 177M

vm_info: Java HotSpot(TM) 64-Bit Server VM (21.0.1+12-LTS-29) for windows-amd64 JRE (21.0.1+12-LTS-29), built on 2023-10-05T13:27:09Z by "mach5one" with MS VC++ 17.1 (VS2022)

END.
